<?xml version="1.0" encoding="UTF-8"?>
<!-- Generated by org.testng.reporters.JUnitReportReporter -->
<testsuite hostname="DESKTOP-25A5VGP" failures="0" tests="1" name="vezba.homePageTest" time="1.120" errors="0" timestamp="2023-07-16T19:45:01 CEST" skipped="0">
  <testcase classname="vezba.homePageTest" name="firstTest" time="1.120"/>
  <system-out/>
</testsuite> <!-- vezba.homePageTest -->
